[ 2018-01-22T09:28:00+08:00 ] 127.0.0.1 127.0.0.1 GET /admin
[ log ] itoffice.com/admin [运行时间：0.400980s][吞吐率：2.49req/s] [内存消耗：6,075.12kb] [文件加载：69]
[ info ] [ LANG ] E:\GitHub\itoffice\thinkphp\lang\zh-cn.php
[ info ] [ ROUTE ] array (
  'type' => 'module',
  'module' => 
  array (
    0 => 'admin',
    1 => NULL,
    2 => NULL,
  ),
)
[ info ] [ HEADER ] array (
  'cookie' => 'pgv_pvi=7370713088; Huiskin=blue',
  'accept-language' => 'zh-CN,zh;q=0.8',
  'accept-encoding' => 'gzip, deflate',
  'accept' => 'text/html,application/xhtml+xml,application/xml;q=0.9,image/webp,image/apng,*/*;q=0.8',
  'user-agent' => 'Mozilla/5.0 (Windows NT 10.0; Win64; x64) AppleWebKit/537.36 (KHTML, like Gecko) Chrome/60.0.3112.78 Safari/537.36',
  'upgrade-insecure-requests' => '1',
  'cache-control' => 'max-age=0',
  'connection' => 'close',
  'host' => 'itoffice.com',
)
[ info ] [ PARAM ] array (
)
[ info ] [ SESSION ] INIT array (
  'id' => '',
  'var_session_id' => '',
  'prefix' => 'think',
  'type' => '',
  'auto_start' => true,
)
[ info ] [ BEHAVIOR ] Run \app\common\behavior\WebLog @module_init [ RunTime:0.093522s ]
[ info ] [ DB ] INIT mysql
[ info ] [ BEHAVIOR ] Run \app\common\behavior\WebLog @app_end [ RunTime:0.097295s ]
[ info ] [ LOG ] INIT File
[ sql ] [ DB ] CONNECT:[ UseTime:0.016650s ] mysql:dbname=itoffice;host=127.0.0.1;charset=utf8
[ sql ] [ SQL ] SHOW COLUMNS FROM `tp_web_log_all` [ RunTime:0.034816s ]
[ sql ] [ SQL ] INSERT INTO `tp_web_log_all` (`uid` , `ip` , `location` , `os` , `browser` , `url` , `module` , `controller` , `action` , `method` , `data` , `create_at`) VALUES (0 , '127.0.0.1' , '本机地址 本机地址  ' , 'Windows 10' , 'Chrome(60.0.3112.78)' , 'http://itoffice.com/admin' , 'admin' , 'Index' , 'index' , 'GET' , 'a:0:{}' , 1516584479) [ RunTime:0.007034s ]

---------------------------------------------------------------
[ 2018-01-22T09:28:00+08:00 ] 127.0.0.1 127.0.0.1 GET /admin/pub/login.html
[ log ] itoffice.com/admin/pub/login.html [运行时间：0.170005s][吞吐率：5.88req/s] [内存消耗：6,105.66kb] [文件加载：69]
[ info ] [ LANG ] E:\GitHub\itoffice\thinkphp\lang\zh-cn.php
[ info ] [ ROUTE ] array (
  'type' => 'module',
  'module' => 
  array (
    0 => 'admin',
    1 => 'pub',
    2 => 'login',
  ),
)
[ info ] [ HEADER ] array (
  'cookie' => 'pgv_pvi=7370713088; Huiskin=blue; PHPSESSID=foej35rdca048ni5vukfv9ohv4',
  'accept-language' => 'zh-CN,zh;q=0.8',
  'accept-encoding' => 'gzip, deflate',
  'accept' => 'text/html,application/xhtml+xml,application/xml;q=0.9,image/webp,image/apng,*/*;q=0.8',
  'user-agent' => 'Mozilla/5.0 (Windows NT 10.0; Win64; x64) AppleWebKit/537.36 (KHTML, like Gecko) Chrome/60.0.3112.78 Safari/537.36',
  'upgrade-insecure-requests' => '1',
  'cache-control' => 'max-age=0',
  'connection' => 'close',
  'host' => 'itoffice.com',
)
[ info ] [ PARAM ] array (
)
[ info ] [ SESSION ] INIT array (
  'id' => '',
  'var_session_id' => '',
  'prefix' => 'think',
  'type' => '',
  'auto_start' => true,
)
[ info ] [ BEHAVIOR ] Run \app\common\behavior\WebLog @module_init [ RunTime:0.020452s ]
[ info ] [ RUN ] app\admin\controller\Pub->login[ E:\GitHub\itoffice\application\admin\controller\Pub.php ]
[ info ] [ VIEW ] E:\GitHub\itoffice\public/../application/admin\view\pub\login.html [ array (
) ]
[ info ] [ DB ] INIT mysql
[ info ] [ BEHAVIOR ] Run \app\common\behavior\WebLog @app_end [ RunTime:0.050071s ]
[ info ] [ LOG ] INIT File
[ sql ] [ DB ] CONNECT:[ UseTime:0.001245s ] mysql:dbname=itoffice;host=127.0.0.1;charset=utf8
[ sql ] [ SQL ] SHOW COLUMNS FROM `tp_web_log_all` [ RunTime:0.019106s ]
[ sql ] [ SQL ] INSERT INTO `tp_web_log_all` (`uid` , `ip` , `location` , `os` , `browser` , `url` , `module` , `controller` , `action` , `method` , `data` , `create_at`) VALUES (0 , '127.0.0.1' , '本机地址 本机地址  ' , 'Windows 10' , 'Chrome(60.0.3112.78)' , 'http://itoffice.com/admin/pub/login.html' , 'admin' , 'Pub' , 'login' , 'GET' , 'a:0:{}' , 1516584480) [ RunTime:0.002158s ]

---------------------------------------------------------------
[ 2018-01-22T09:28:00+08:00 ] 127.0.0.1 127.0.0.1 GET /captcha.html
[ log ] itoffice.com/captcha.html [运行时间：0.068826s][吞吐率：14.53req/s] [内存消耗：1,051.46kb] [文件加载：41]
[ info ] [ LANG ] E:\GitHub\itoffice\thinkphp\lang\zh-cn.php
[ info ] [ ROUTE ] array (
  'type' => 'method',
  'method' => 
  array (
    0 => '\\think\\captcha\\CaptchaController',
    1 => 'index',
  ),
  'var' => 
  array (
  ),
)
[ info ] [ HEADER ] array (
  'cookie' => 'pgv_pvi=7370713088; Huiskin=blue; PHPSESSID=foej35rdca048ni5vukfv9ohv4',
  'accept-language' => 'zh-CN,zh;q=0.8',
  'accept-encoding' => 'gzip, deflate',
  'referer' => 'http://itoffice.com/admin/pub/login.html',
  'accept' => 'image/webp,image/apng,image/*,*/*;q=0.8',
  'user-agent' => 'Mozilla/5.0 (Windows NT 10.0; Win64; x64) AppleWebKit/537.36 (KHTML, like Gecko) Chrome/60.0.3112.78 Safari/537.36',
  'connection' => 'close',
  'host' => 'itoffice.com',
)
[ info ] [ PARAM ] array (
  'id' => '',
)
[ info ] [ RUN ] think\captcha\CaptchaController->index[ E:\GitHub\itoffice\vendor\topthink\think-captcha\src\CaptchaController.php ]
[ info ] [ SESSION ] INIT array (
  'id' => '',
  'var_session_id' => '',
  'prefix' => 'think',
  'type' => '',
  'auto_start' => true,
)
[ info ] [ LOG ] INIT File

---------------------------------------------------------------
[ 2018-01-22T11:49:06+08:00 ] 127.0.0.1 127.0.0.1 GET /captcha.html?t=1516592946444
[ log ] itoffice.com/captcha.html?t=1516592946444 [运行时间：0.048772s][吞吐率：20.50req/s] [内存消耗：1,051.66kb] [文件加载：41]
[ info ] [ LANG ] E:\GitHub\itoffice\thinkphp\lang\zh-cn.php
[ info ] [ ROUTE ] array (
  'type' => 'method',
  'method' => 
  array (
    0 => '\\think\\captcha\\CaptchaController',
    1 => 'index',
  ),
  'var' => 
  array (
  ),
)
[ info ] [ HEADER ] array (
  'cookie' => 'pgv_pvi=7370713088; Huiskin=blue; PHPSESSID=foej35rdca048ni5vukfv9ohv4',
  'accept-language' => 'zh-CN,zh;q=0.8',
  'accept-encoding' => 'gzip, deflate',
  'referer' => 'http://itoffice.com/admin/pub/login.html',
  'accept' => 'image/webp,image/apng,image/*,*/*;q=0.8',
  'user-agent' => 'Mozilla/5.0 (Windows NT 10.0; Win64; x64) AppleWebKit/537.36 (KHTML, like Gecko) Chrome/60.0.3112.78 Safari/537.36',
  'connection' => 'close',
  'host' => 'itoffice.com',
)
[ info ] [ PARAM ] array (
  't' => '1516592946444',
  'id' => '',
)
[ info ] [ RUN ] think\captcha\CaptchaController->index[ E:\GitHub\itoffice\vendor\topthink\think-captcha\src\CaptchaController.php ]
[ info ] [ SESSION ] INIT array (
  'id' => '',
  'var_session_id' => '',
  'prefix' => 'think',
  'type' => '',
  'auto_start' => true,
)
[ info ] [ LOG ] INIT File

---------------------------------------------------------------
